<?xml version="1.0" encoding="UTF-8"?>
<testsuite name="com.hcl.sample.controller.ProductControllerTest" tests="5" skipped="0" failures="0" errors="0" timestamp="2020-07-28T04:38:02" hostname="LP-5CD83926DX" time="0.989">
  <properties/>
  <testcase name="getProductsList()" classname="com.hcl.sample.controller.ProductControllerTest" time="0.638"/>
  <testcase name="deleteProductTest()" classname="com.hcl.sample.controller.ProductControllerTest" time="0.103"/>
  <testcase name="getProductByIdTest()" classname="com.hcl.sample.controller.ProductControllerTest" time="0.033"/>
  <testcase name="addProductWithCategoryTest()" classname="com.hcl.sample.controller.ProductControllerTest" time="0.102"/>
  <testcase name="updateProductTest()" classname="com.hcl.sample.controller.ProductControllerTest" time="0.084"/>
  <system-out><![CDATA[10:07:31.388 [Test worker] DEBUG org.springframework.test.context.BootstrapUtils - Instantiating CacheAwareContextLoaderDelegate from class [org.springframework.test.context.cache.DefaultCacheAwareContextLoaderDelegate]
10:07:31.435 [Test worker] DEBUG org.springframework.test.context.BootstrapUtils - Instantiating BootstrapContext using constructor [public org.springframework.test.context.support.DefaultBootstrapContext(java.lang.Class,org.springframework.test.context.CacheAwareContextLoaderDelegate)]
10:07:31.573 [Test worker] DEBUG org.springframework.test.context.BootstrapUtils - Instantiating TestContextBootstrapper for test class [com.hcl.sample.controller.ProductControllerTest] from class [org.springframework.boot.test.context.SpringBootTestContextBootstrapper]
10:07:31.626 [Test worker] INFO org.springframework.boot.test.context.SpringBootTestContextBootstrapper - Neither @ContextConfiguration nor @ContextHierarchy found for test class [com.hcl.sample.controller.ProductControllerTest], using SpringBootContextLoader
10:07:31.638 [Test worker] DEBUG org.springframework.test.context.support.AbstractContextLoader - Did not detect default resource location for test class [com.hcl.sample.controller.ProductControllerTest]: class path resource [com/hcl/sample/controller/ProductControllerTest-context.xml] does not exist
10:07:31.642 [Test worker] DEBUG org.springframework.test.context.support.AbstractContextLoader - Did not detect default resource location for test class [com.hcl.sample.controller.ProductControllerTest]: class path resource [com/hcl/sample/controller/ProductControllerTestContext.groovy] does not exist
10:07:31.645 [Test worker] INFO org.springframework.test.context.support.AbstractContextLoader - Could not detect default resource locations for test class [com.hcl.sample.controller.ProductControllerTest]: no resource found for suffixes {-context.xml, Context.groovy}.
10:07:31.894 [Test worker] DEBUG org.springframework.test.context.support.ActiveProfilesUtils - Could not find an 'annotation declaring class' for annotation type [org.springframework.test.context.ActiveProfiles] and class [com.hcl.sample.controller.ProductControllerTest]
10:07:32.386 [Test worker] DEBUG org.springframework.boot.test.context.SpringBootTestContextBootstrapper - @TestExecutionListeners is not present for class [com.hcl.sample.controller.ProductControllerTest]: using defaults.
10:07:32.388 [Test worker] INFO org.springframework.boot.test.context.SpringBootTestContextBootstrapper - Loaded default TestExecutionListener class names from location [META-INF/spring.factories]: [org.springframework.boot.test.autoconfigure.restdocs.RestDocsTestExecutionListener, org.springframework.boot.test.autoconfigure.web.client.MockRestServiceServerResetTestExecutionListener, org.springframework.boot.test.autoconfigure.web.servlet.MockMvcPrintOnlyOnFailureTestExecutionListener, org.springframework.boot.test.autoconfigure.web.servlet.WebDriverTestExecutionListener, org.springframework.boot.test.autoconfigure.webservices.client.MockWebServiceServerTestExecutionListener, org.springframework.boot.test.mock.mockito.MockitoTestExecutionListener, org.springframework.boot.test.mock.mockito.ResetMocksTestExecutionListener, org.springframework.security.test.context.support.WithSecurityContextTestExecutionListener, org.springframework.security.test.context.support.ReactorContextTestExecutionListener, org.springframework.test.context.web.ServletTestExecutionListener, org.springframework.test.context.support.DirtiesContextBeforeModesTestExecutionListener, org.springframework.test.context.support.DependencyInjectionTestExecutionListener, org.springframework.test.context.support.DirtiesContextTestExecutionListener, org.springframework.test.context.transaction.TransactionalTestExecutionListener, org.springframework.test.context.jdbc.SqlScriptsTestExecutionListener, org.springframework.test.context.event.EventPublishingTestExecutionListener]
10:07:32.460 [Test worker] INFO org.springframework.boot.test.context.SpringBootTestContextBootstrapper - Using TestExecutionListeners: [org.springframework.test.context.web.ServletTestExecutionListener@1aad508d, org.springframework.test.context.support.DirtiesContextBeforeModesTestExecutionListener@3a976f5e, org.springframework.boot.test.mock.mockito.MockitoTestExecutionListener@42aa5c5b, org.springframework.boot.test.autoconfigure.SpringBootDependencyInjectionTestExecutionListener@1f954b88, org.springframework.test.context.support.DirtiesContextTestExecutionListener@6f4c49cf, org.springframework.test.context.transaction.TransactionalTestExecutionListener@6e2036e7, org.springframework.test.context.jdbc.SqlScriptsTestExecutionListener@7ef8e7fc, org.springframework.security.test.context.support.WithSecurityContextTestExecutionListener@4b042aa0, org.springframework.test.context.event.EventPublishingTestExecutionListener@460b103e, org.springframework.security.test.context.support.ReactorContextTestExecutionListener@29738116, org.springframework.boot.test.autoconfigure.restdocs.RestDocsTestExecutionListener@100d54c3, org.springframework.boot.test.autoconfigure.web.client.MockRestServiceServerResetTestExecutionListener@7a362d48, org.springframework.boot.test.autoconfigure.web.servlet.MockMvcPrintOnlyOnFailureTestExecutionListener@64a248d0, org.springframework.boot.test.autoconfigure.web.servlet.WebDriverTestExecutionListener@51ec0e63, org.springframework.boot.test.autoconfigure.webservices.client.MockWebServiceServerTestExecutionListener@2b3de3d1, org.springframework.boot.test.mock.mockito.ResetMocksTestExecutionListener@60aad793]
10:07:32.474 [Test worker] DEBUG org.springframework.test.context.support.AbstractDirtiesContextTestExecutionListener - Before test class: context [DefaultTestContext@3603105d testClass = ProductControllerTest, testInstance = [null], testMethod = [null], testException = [null], mergedContextConfiguration = [WebMergedContextConfiguration@54b12e2a testClass = ProductControllerTest, locations = '{}', classes = '{class com.hcl.sample.SampleAppApplication, class com.hcl.sample.SampleAppApplication}', contextInitializerClasses = '[]', activeProfiles = '{}', propertySourceLocations = '{}', propertySourceProperties = '{org.springframework.boot.test.context.SpringBootTestContextBootstrapper=true}', contextCustomizers = set[org.springframework.boot.test.autoconfigure.properties.PropertyMappingContextCustomizer@0, org.springframework.boot.test.autoconfigure.web.servlet.WebDriverContextCustomizerFactory$Customizer@4a7645ee, org.springframework.boot.test.context.filter.ExcludeFilterContextCustomizer@7b7cf6ca, org.springframework.boot.test.json.DuplicateJsonObjectContextCustomizerFactory$DuplicateJsonObjectContextCustomizer@7730b77c, org.springframework.boot.test.mock.mockito.MockitoContextCustomizer@0, org.springframework.boot.test.web.client.TestRestTemplateContextCustomizer@3310a3a8, org.springframework.test.context.web.socket.MockServerContainerContextCustomizer@671852d, org.springframework.boot.test.context.SpringBootTestArgs@1], resourceBasePath = 'src/main/webapp', contextLoader = 'org.springframework.boot.test.context.SpringBootContextLoader', parent = [null]], attributes = map['org.springframework.test.context.web.ServletTestExecutionListener.activateListener' -> true]], class annotated with @DirtiesContext [false] with mode [null].
10:07:32.592 [Test worker] DEBUG org.springframework.test.context.support.TestPropertySourceUtils - Adding inlined properties to environment: {spring.jmx.enabled=false, org.springframework.boot.test.context.SpringBootTestContextBootstrapper=true}

  .   ____          _            __ _ _
 /\\ / ___'_ __ _ _(_)_ __  __ _ \ \ \ \
( ( )\___ | '_ | '_| | '_ \/ _` | \ \ \ \
 \\/  ___)| |_)| | | | | || (_| |  ) ) ) )
  '  |____| .__|_| |_|_| |_\__, | / / / /
 =========|_|==============|___/=/_/_/_/
 :: Spring Boot ::        (v2.3.1.RELEASE)

2020-07-28 10:07:34.001  INFO 6580 --- [    Test worker] c.h.s.controller.ProductControllerTest   : Starting ProductControllerTest on LP-5CD83926DX with PID 6580 (started by nagababu.meram in C:\APPLE\Training\Gradle\product)
2020-07-28 10:07:34.009  INFO 6580 --- [    Test worker] c.h.s.controller.ProductControllerTest   : No active profile set, falling back to default profiles: default
2020-07-28 10:07:38.979  INFO 6580 --- [    Test worker] .s.d.r.c.RepositoryConfigurationDelegate : Bootstrapping Spring Data JPA repositories in DEFERRED mode.
2020-07-28 10:07:39.249  INFO 6580 --- [    Test worker] .s.d.r.c.RepositoryConfigurationDelegate : Finished Spring Data repository scanning in 251ms. Found 4 JPA repository interfaces.
2020-07-28 10:07:41.810  INFO 6580 --- [    Test worker] o.s.s.concurrent.ThreadPoolTaskExecutor  : Initializing ExecutorService 'applicationTaskExecutor'
2020-07-28 10:07:42.098  INFO 6580 --- [         task-1] o.hibernate.jpa.internal.util.LogHelper  : HHH000204: Processing PersistenceUnitInfo [name: default]
2020-07-28 10:07:42.498  INFO 6580 --- [         task-1] org.hibernate.Version                    : HHH000412: Hibernate ORM core version 5.4.17.Final
2020-07-28 10:07:43.465  INFO 6580 --- [         task-1] o.hibernate.annotations.common.Version   : HCANN000001: Hibernate Commons Annotations {5.1.0.Final}
2020-07-28 10:07:43.990  WARN 6580 --- [    Test worker] JpaBaseConfiguration$JpaWebConfiguration : spring.jpa.open-in-view is enabled by default. Therefore, database queries may be performed during view rendering. Explicitly configure spring.jpa.open-in-view to disable this warning
2020-07-28 10:07:44.542  INFO 6580 --- [         task-1] com.zaxxer.hikari.HikariDataSource       : HikariPool-1 - Starting...
2020-07-28 10:07:44.565  WARN 6580 --- [         task-1] com.zaxxer.hikari.util.DriverDataSource  : Registered driver with driverClassName=com.mysql.jdbc.Driver was not found, trying direct instantiation.
2020-07-28 10:07:46.609  INFO 6580 --- [    Test worker] o.s.b.a.e.web.EndpointLinksResolver      : Exposing 2 endpoint(s) beneath base path '/actuator'
2020-07-28 10:07:47.647  INFO 6580 --- [    Test worker] pertySourcedRequestMappingHandlerMapping : Mapped URL path [/v2/api-docs] onto method [springfox.documentation.swagger2.web.Swagger2Controller#getDocumentation(String, HttpServletRequest)]
2020-07-28 10:07:49.551  INFO 6580 --- [         task-1] com.zaxxer.hikari.HikariDataSource       : HikariPool-1 - Start completed.
2020-07-28 10:07:49.999  INFO 6580 --- [         task-1] org.hibernate.dialect.Dialect            : HHH000400: Using dialect: org.hibernate.dialect.MySQL8Dialect
Hibernate: 
    
    alter table manufacturer 
       add constraint FK2cj2o1thyi7xntwvfswbsrerb 
       foreign key (product_id) 
       references product (product_id)
Hibernate: 
    
    alter table product 
       add constraint FKopvd1s5bv3obbcl5d2sqb0r4j 
       foreign key (productcategory_id) 
       references product_category (product_category_id)
Hibernate: 
    
    alter table seller 
       add constraint FKpsmdbjumfqrncebiwxknjvda7 
       foreign key (product_id) 
       references product (product_id)
2020-07-28 10:07:57.869  INFO 6580 --- [         task-1] o.h.e.t.j.p.i.JtaPlatformInitiator       : HHH000490: Using JtaPlatform implementation: [org.hibernate.engine.transaction.jta.platform.internal.NoJtaPlatform]
2020-07-28 10:07:57.894  INFO 6580 --- [         task-1] j.LocalContainerEntityManagerFactoryBean : Initialized JPA EntityManagerFactory for persistence unit 'default'
2020-07-28 10:07:58.620  INFO 6580 --- [    Test worker] d.s.w.p.DocumentationPluginsBootstrapper : Context refreshed
2020-07-28 10:07:58.999  INFO 6580 --- [    Test worker] d.s.w.p.DocumentationPluginsBootstrapper : Found 1 custom documentation plugin(s)
2020-07-28 10:07:59.561  INFO 6580 --- [    Test worker] s.d.s.w.s.ApiListingReferenceScanner     : Scanning for api listing references
2020-07-28 10:08:00.057  INFO 6580 --- [    Test worker] .d.s.w.r.o.CachingOperationNameGenerator : Generating unique operation named: deleteProductUsingDELETE_1
2020-07-28 10:08:00.144  INFO 6580 --- [    Test worker] .d.s.w.r.o.CachingOperationNameGenerator : Generating unique operation named: addNewSellerUsingPOST_1
2020-07-28 10:08:00.175  INFO 6580 --- [    Test worker] .d.s.w.r.o.CachingOperationNameGenerator : Generating unique operation named: getSellersUsingGET_1
2020-07-28 10:08:00.202  INFO 6580 --- [    Test worker] DeferredRepositoryInitializationListener : Triggering deferred initialization of Spring Data repositories…
2020-07-28 10:08:01.536  INFO 6580 --- [    Test worker] DeferredRepositoryInitializationListener : Spring Data repositories initialized!
2020-07-28 10:08:01.564  INFO 6580 --- [    Test worker] c.h.s.controller.ProductControllerTest   : Started ProductControllerTest in 28.934 seconds (JVM running for 40.729)
2020-07-28 10:08:02.298  INFO 6580 --- [    Test worker] o.s.b.t.m.w.SpringBootMockServletContext : Initializing Spring TestDispatcherServlet ''
2020-07-28 10:08:02.298  INFO 6580 --- [    Test worker] o.s.t.web.servlet.TestDispatcherServlet  : Initializing Servlet ''
2020-07-28 10:08:02.336  INFO 6580 --- [    Test worker] o.s.t.web.servlet.TestDispatcherServlet  : Completed initialization in 37 ms
2020-07-28 10:08:02.872  INFO 6580 --- [    Test worker] o.s.b.t.m.w.SpringBootMockServletContext : Initializing Spring TestDispatcherServlet ''
2020-07-28 10:08:02.882  INFO 6580 --- [    Test worker] o.s.t.web.servlet.TestDispatcherServlet  : Initializing Servlet ''
2020-07-28 10:08:02.887  INFO 6580 --- [    Test worker] o.s.t.web.servlet.TestDispatcherServlet  : Completed initialization in 5 ms
2020-07-28 10:08:02.984  INFO 6580 --- [    Test worker] o.s.b.t.m.w.SpringBootMockServletContext : Initializing Spring TestDispatcherServlet ''
2020-07-28 10:08:02.985  INFO 6580 --- [    Test worker] o.s.t.web.servlet.TestDispatcherServlet  : Initializing Servlet ''
2020-07-28 10:08:02.990  INFO 6580 --- [    Test worker] o.s.t.web.servlet.TestDispatcherServlet  : Completed initialization in 4 ms
2020-07-28 10:08:03.019  INFO 6580 --- [    Test worker] o.s.b.t.m.w.SpringBootMockServletContext : Initializing Spring TestDispatcherServlet ''
2020-07-28 10:08:03.019  INFO 6580 --- [    Test worker] o.s.t.web.servlet.TestDispatcherServlet  : Initializing Servlet ''
2020-07-28 10:08:03.050  INFO 6580 --- [    Test worker] o.s.t.web.servlet.TestDispatcherServlet  : Completed initialization in 29 ms
2020-07-28 10:08:03.134  INFO 6580 --- [    Test worker] o.s.b.t.m.w.SpringBootMockServletContext : Initializing Spring TestDispatcherServlet ''
2020-07-28 10:08:03.136  INFO 6580 --- [    Test worker] o.s.t.web.servlet.TestDispatcherServlet  : Initializing Servlet ''
2020-07-28 10:08:03.146  INFO 6580 --- [    Test worker] o.s.t.web.servlet.TestDispatcherServlet  : Completed initialization in 5 ms
]]></system-out>
  <system-err><![CDATA[Loading class `com.mysql.jdbc.Driver'. This is deprecated. The new driver class is `com.mysql.cj.jdbc.Driver'. The driver is automatically registered via the SPI and manual loading of the driver class is generally unnecessary.
]]></system-err>
</testsuite>
